<?xml version="1.0" encoding="UTF-8"?>
<testng-results skipped="0" failed="0" total="1" passed="1">
  <reporter-output>
  </reporter-output>
  <suite name="Default suite" duration-ms="110979" started-at="2019-08-21T19:33:17Z" finished-at="2019-08-21T19:35:08Z">
    <groups>
    </groups>
    <test name="Default test" duration-ms="110979" started-at="2019-08-21T19:33:17Z" finished-at="2019-08-21T19:35:08Z">
      <class name="amazon.testcase.TC1SearchBookTest">
        <test-method status="PASS" signature="setup()[pri:0, instance:amazon.testcase.TC1SearchBookTest@6eebc39e]" name="setup" is-config="true" duration-ms="77280" started-at="2019-08-22T01:03:17Z" finished-at="2019-08-22T01:04:35Z">
          <reporter-output>
          </reporter-output>
        </test-method> <!-- setup -->
        <test-method status="PASS" signature="searchBook()[pri:1, instance:amazon.testcase.TC1SearchBookTest@6eebc39e]" name="searchBook" duration-ms="31120" started-at="2019-08-22T01:04:35Z" finished-at="2019-08-22T01:05:06Z">
          <reporter-output>
          </reporter-output>
        </test-method> <!-- searchBook -->
        <test-method status="PASS" signature="aftertest()[pri:0, instance:amazon.testcase.TC1SearchBookTest@6eebc39e]" name="aftertest" is-config="true" duration-ms="2558" started-at="2019-08-22T01:05:06Z" finished-at="2019-08-22T01:05:08Z">
          <reporter-output>
          </reporter-output>
        </test-method> <!-- aftertest -->
      </class> <!-- amazon.testcase.TC1SearchBookTest -->
    </test> <!-- Default test -->
  </suite> <!-- Default suite -->
</testng-results>
